Reading netlist file: "/workspaces/Trivius/project/trivius/impl/gwsynthesis/trivius.vg"
Parsing netlist file "/workspaces/Trivius/project/trivius/impl/gwsynthesis/trivius.vg" completed
Processing netlist completed
Reading constraint file: "/workspaces/Trivius/trivius.cst"
Physical Constraint parsed completed
Running placement......
[10%] Placement Phase 0 completed
[20%] Placement Phase 1 completed
[30%] Placement Phase 2 completed
WARN  (TA1132) :  'o_bclk_d' was determined to be a clock but was not created.
[50%] Placement Phase 3 completed
Running routing......
[60%] Routing Phase 0 completed
[70%] Routing Phase 1 completed
[80%] Routing Phase 2 completed
[90%] Routing Phase 3 completed
Running timing analysis......
[95%] Timing analysis completed
Placement and routing completed
Bitstream generation in progress......
Bitstream generation completed
Running power analysis......
[100%] Power analysis completed
Generate file "/workspaces/Trivius/project/trivius/impl/pnr/trivius.power.html" completed
Generate file "/workspaces/Trivius/project/trivius/impl/pnr/trivius.pin.html" completed
Generate file "/workspaces/Trivius/project/trivius/impl/pnr/trivius.rpt.html" completed
Generate file "/workspaces/Trivius/project/trivius/impl/pnr/trivius.rpt.txt" completed
Generate file "/workspaces/Trivius/project/trivius/impl/pnr/trivius.tr.html" completed
Wed Sep 17 04:22:47 2025

